[0.021s] Invoking command in '/home/dyxcvi/Documents/ROS2_CDPR_Controller/build/robot_control_pubsub': CMAKE_PREFIX_PATH=/opt/ros/foxy /usr/bin/cmake --build /home/dyxcvi/Documents/ROS2_CDPR_Controller/build/robot_control_pubsub -- -j1 -l1
[0.058s] -- Found ament_cmake: 0.9.11 (/opt/ros/foxy/share/ament_cmake/cmake)
[0.086s] -- Using PYTHON_EXECUTABLE: /usr/bin/python3
[0.405s] -- Found rclcpp: 2.4.2 (/opt/ros/foxy/share/rclcpp/cmake)
[0.465s] -- Using all available rosidl_typesupport_c: rosidl_typesupport_fastrtps_c;rosidl_typesupport_introspection_c
[0.472s] -- Found rosidl_adapter: 1.3.0 (/opt/ros/foxy/share/rosidl_adapter/cmake)
[0.656s] -- Using all available rosidl_typesupport_cpp: rosidl_typesupport_fastrtps_cpp;rosidl_typesupport_introspection_cpp
[0.752s] -- Found rmw_implementation_cmake: 1.0.3 (/opt/ros/foxy/share/rmw_implementation_cmake/cmake)
[0.755s] -- Using RMW implementation 'rmw_fastrtps_cpp' as default
[1.048s] -- Found geometry_msgs: 2.0.5 (/opt/ros/foxy/share/geometry_msgs/cmake)
[1.120s] -- Found ament_lint_auto: 0.9.7 (/opt/ros/foxy/share/ament_lint_auto/cmake)
[1.227s] -- Added test 'copyright' to check source files copyright and LICENSE
[1.251s] -- Added test 'cppcheck' to perform static code analysis on C / C++ code
[1.253s] -- Configured cppcheck include dirs: /home/dyxcvi/Documents/ROS2_CDPR_Controller/src/MotorController/include/;/home/dyxcvi/Documents/ROS2_CDPR_Controller/src/TrajectoryGenerator/include/;/home/dyxcvi/Documents/ROS2_CDPR_Controller/src/RobotModel/include/
[1.254s] -- Configured cppcheck exclude dirs and/or files: 
[1.277s] -- Added test 'cpplint' to check C / C++ code against the Google style
[1.278s] -- Configured cpplint exclude dirs and/or files: 
[1.282s] -- Added test 'flake8' to check Python code syntax and style conventions
[1.296s] -- Added test 'lint_cmake' to check CMake code style
[1.302s] -- Added test 'pep257' to check Python code against some of the style conventions in PEP 257
[1.328s] -- Added test 'uncrustify' to check C / C++ code style
[1.329s] -- Configured uncrustify additional arguments: 
[1.334s] -- Added test 'xmllint' to check XML markup files
[1.339s] -- Configuring done
[1.399s] -- Generating done
[1.409s] -- Build files have been written to: /home/dyxcvi/Documents/ROS2_CDPR_Controller/build/robot_control_pubsub
[1.458s] [ 16%] Built target RobotModel-lib
[1.480s] [ 33%] Built target MotorController-lib
[1.501s] [ 50%] Built target TrajectoryGenerator-lib
[1.536s] [ 58%] [32m[1mLinking CXX executable robotNode[0m
[2.011s] [ 66%] Built target robotNode
[2.046s] [ 75%] [32m[1mLinking CXX executable motorNode[0m
[2.494s] [ 83%] Built target motorNode
[2.507s] [35m[1mScanning dependencies of target userNode[0m
[2.597s] [ 91%] [32mBuilding CXX object CMakeFiles/userNode.dir/src/UserNode.cpp.o[0m
[2.795s] [01m[K/home/dyxcvi/Documents/ROS2_CDPR_Controller/src/UserNode.cpp:6:10:[m[K [01;31m[Kfatal error: [m[Kgeometry_msgs/Point.h: No such file or directory
[2.795s]     6 | #include [01;31m[K"geometry_msgs/Point.h"[m[K
[2.796s]       |          [01;31m[K^~~~~~~~~~~~~~~~~~~~~~~[m[K
[2.797s] compilation terminated.
[2.800s] make[2]: *** [CMakeFiles/userNode.dir/build.make:63: CMakeFiles/userNode.dir/src/UserNode.cpp.o] Error 1
[2.804s] make[1]: *** [CMakeFiles/Makefile2:277: CMakeFiles/userNode.dir/all] Error 2
[2.805s] make: *** [Makefile:141: all] Error 2
[2.806s] Invoked command in '/home/dyxcvi/Documents/ROS2_CDPR_Controller/build/robot_control_pubsub' returned '2': CMAKE_PREFIX_PATH=/opt/ros/foxy /usr/bin/cmake --build /home/dyxcvi/Documents/ROS2_CDPR_Controller/build/robot_control_pubsub -- -j1 -l1
