[0.096s] Invoking command in '/home/dyxcvi/Documents/ROS2_CDPR_Controller/build/robot_control_pubsub': CMAKE_PREFIX_PATH=/opt/ros/foxy /usr/bin/cmake /home/dyxcvi/Documents/ROS2_CDPR_Controller -DCMAKE_INSTALL_PREFIX=/home/dyxcvi/Documents/ROS2_CDPR_Controller/install/robot_control_pubsub
[0.266s] -- The C compiler identification is GNU 9.4.0
[0.347s] -- The CXX compiler identification is GNU 9.4.0
[0.357s] -- Check for working C compiler: /usr/bin/cc
[0.464s] -- Check for working C compiler: /usr/bin/cc -- works
[0.467s] -- Detecting C compiler ABI info
[0.576s] -- Detecting C compiler ABI info - done
[0.608s] -- Detecting C compile features
[0.610s] -- Detecting C compile features - done
[0.617s] -- Check for working CXX compiler: /usr/bin/c++
[0.740s] -- Check for working CXX compiler: /usr/bin/c++ -- works
[0.744s] -- Detecting CXX compiler ABI info
[0.877s] -- Detecting CXX compiler ABI info - done
[0.905s] -- Detecting CXX compile features
[0.907s] -- Detecting CXX compile features - done
[0.913s] -- Found ament_cmake: 0.9.11 (/opt/ros/foxy/share/ament_cmake/cmake)
[0.944s] -- Found PythonInterp: /usr/bin/python3 (found suitable version "3.8.10", minimum required is "3") 
[0.945s] -- Using PYTHON_EXECUTABLE: /usr/bin/python3
[1.248s] -- Found rclcpp: 2.4.2 (/opt/ros/foxy/share/rclcpp/cmake)
[1.315s] -- Using all available rosidl_typesupport_c: rosidl_typesupport_fastrtps_c;rosidl_typesupport_introspection_c
[1.325s] -- Found rosidl_adapter: 1.3.0 (/opt/ros/foxy/share/rosidl_adapter/cmake)
[1.626s] -- Found OpenSSL: /usr/lib/x86_64-linux-gnu/libcrypto.so (found version "1.1.1f")  
[1.669s] -- Found FastRTPS: /opt/ros/foxy/include  
[1.785s] -- Using all available rosidl_typesupport_cpp: rosidl_typesupport_fastrtps_cpp;rosidl_typesupport_introspection_cpp
[1.889s] -- Found rmw_implementation_cmake: 1.0.3 (/opt/ros/foxy/share/rmw_implementation_cmake/cmake)
[1.892s] -- Using RMW implementation 'rmw_fastrtps_cpp' as default
[1.895s] -- Looking for pthread.h
[2.022s] -- Looking for pthread.h - found
[2.025s] -- Performing Test CMAKE_HAVE_LIBC_PTHREAD
[2.135s] -- Performing Test CMAKE_HAVE_LIBC_PTHREAD - Failed
[2.136s] -- Looking for pthread_create in pthreads
[2.231s] -- Looking for pthread_create in pthreads - not found
[2.232s] -- Looking for pthread_create in pthread
[2.362s] -- Looking for pthread_create in pthread - found
[2.366s] -- Found Threads: TRUE  
[2.674s] -- Found geometry_msgs: 2.0.5 (/opt/ros/foxy/share/geometry_msgs/cmake)
[2.747s] -- Found ament_lint_auto: 0.9.7 (/opt/ros/foxy/share/ament_lint_auto/cmake)
[2.860s] -- Added test 'copyright' to check source files copyright and LICENSE
[2.882s] -- Added test 'cppcheck' to perform static code analysis on C / C++ code
[2.884s] -- Configured cppcheck include dirs: /home/dyxcvi/Documents/ROS2_CDPR_Controller/src/MotorController/include/;/home/dyxcvi/Documents/ROS2_CDPR_Controller/src/TrajectoryGenerator/include/;/home/dyxcvi/Documents/ROS2_CDPR_Controller/src/RobotModel/include/
[2.885s] -- Configured cppcheck exclude dirs and/or files: 
[2.903s] -- Added test 'cpplint' to check C / C++ code against the Google style
[2.904s] -- Configured cpplint exclude dirs and/or files: 
[2.908s] -- Added test 'flake8' to check Python code syntax and style conventions
[2.914s] -- Added test 'lint_cmake' to check CMake code style
[2.918s] -- Added test 'pep257' to check Python code against some of the style conventions in PEP 257
[2.937s] -- Added test 'uncrustify' to check C / C++ code style
[2.938s] -- Configured uncrustify additional arguments: 
[2.942s] -- Added test 'xmllint' to check XML markup files
[2.951s] -- Configuring done
[3.009s] -- Generating done
[3.019s] -- Build files have been written to: /home/dyxcvi/Documents/ROS2_CDPR_Controller/build/robot_control_pubsub
[3.039s] Invoked command in '/home/dyxcvi/Documents/ROS2_CDPR_Controller/build/robot_control_pubsub' returned '0': CMAKE_PREFIX_PATH=/opt/ros/foxy /usr/bin/cmake /home/dyxcvi/Documents/ROS2_CDPR_Controller -DCMAKE_INSTALL_PREFIX=/home/dyxcvi/Documents/ROS2_CDPR_Controller/install/robot_control_pubsub
[3.041s] Invoking command in '/home/dyxcvi/Documents/ROS2_CDPR_Controller/build/robot_control_pubsub': CMAKE_PREFIX_PATH=/opt/ros/foxy /usr/bin/cmake --build /home/dyxcvi/Documents/ROS2_CDPR_Controller/build/robot_control_pubsub -- -j1 -l1
[3.086s] [35m[1mScanning dependencies of target RobotModel-lib[0m
[3.101s] [  8%] [32mBuilding CXX object CMakeFiles/RobotModel-lib.dir/src/RobotModel/src/RobotModel.cpp.o[0m
[4.449s] [01m[K/home/dyxcvi/Documents/ROS2_CDPR_Controller/src/RobotModel/src/RobotModel.cpp:[m[K In member function â€˜[01m[Kvoid RobotModel::inverseKinematics(Eigen::Vector3d, std::vector<int>&)[m[Kâ€™:
[4.450s] [01m[K/home/dyxcvi/Documents/ROS2_CDPR_Controller/src/RobotModel/src/RobotModel.cpp:20:52:[m[K [01;35m[Kwarning: [m[Kunused parameter â€˜[01m[KXd[m[Kâ€™ [[01;35m[K-Wunused-parameter[m[K]
[4.450s]    20 | void RobotModel::inverseKinematics([01;35m[KEigen::Vector3d Xd[m[K, std::vector<int> &Qs) {
[4.451s]       |                                    [01;35m[K~~~~~~~~~~~~~~~~^~[m[K
[4.932s] [ 16%] [32m[1mLinking CXX static library libRobotModel-lib.a[0m
[4.978s] [ 16%] Built target RobotModel-lib
[4.989s] [35m[1mScanning dependencies of target MotorController-lib[0m
[5.005s] [ 25%] [32mBuilding CXX object CMakeFiles/MotorController-lib.dir/src/MotorController/src/MotorController.cpp.o[0m
[5.331s] [01m[K/home/dyxcvi/Documents/ROS2_CDPR_Controller/src/MotorController/src/MotorController.cpp:[m[K In member function â€˜[01m[Kvoid epos::MotorController::LogError(std::string, unsigned int)[m[Kâ€™:
[5.332s] [01m[K/home/dyxcvi/Documents/ROS2_CDPR_Controller/src/MotorController/src/MotorController.cpp:5:18:[m[K [01;35m[Kwarning: [m[Kcomparison of integer expressions of different signedness: â€˜[01m[Kunsigned int[m[Kâ€™ and â€˜[01m[Kint[m[Kâ€™ [[01;35m[K-Wsign-compare[m[K]
[5.333s]     5 |     if([01;35m[KerrorCode == -1[m[K) {
[5.333s]       |        [01;35m[K~~~~~~~~~~^~~~~[m[K
[5.348s] [01m[K/home/dyxcvi/Documents/ROS2_CDPR_Controller/src/MotorController/src/MotorController.cpp:[m[K In member function â€˜[01m[Kvoid epos::MotorController::connect(std::string, std::string, std::string, std::string, unsigned int)[m[Kâ€™:
[5.348s] [01m[K/home/dyxcvi/Documents/ROS2_CDPR_Controller/src/MotorController/src/MotorController.cpp:90:42:[m[K [01;35m[Kwarning: [m[Kright operand of comma operator has no effect [[01;35m[K-Wunused-value[m[K]
[5.349s]    90 |     delete c_deviceName, c_protocolName, [01;35m[Kc_interfaceName[m[K, c_portName;
[5.350s]       |                                          [01;35m[K^~~~~~~~~~~~~~~[m[K
[5.351s] [01m[K/home/dyxcvi/Documents/ROS2_CDPR_Controller/src/MotorController/src/MotorController.cpp:90:59:[m[K [01;35m[Kwarning: [m[Kright operand of comma operator has no effect [[01;35m[K-Wunused-value[m[K]
[5.352s]    90 |     delete c_deviceName, c_protocolName, c_interfaceName, [01;35m[Kc_portName[m[K;
[5.352s]       |                                                           [01;35m[K^~~~~~~~~~[m[K
[5.354s] [01m[K/home/dyxcvi/Documents/ROS2_CDPR_Controller/src/MotorController/src/MotorController.cpp:90:69:[m[K [01;35m[Kwarning: [m[Kright operand of comma operator has no effect [[01;35m[K-Wunused-value[m[K]
[5.354s]    90 |     delete c_deviceName, c_protocolName, c_interfaceName, c_portName[01;35m[K;[m[K
[5.356s]       |                                                                     [01;35m[K^[m[K
[5.358s] [01m[K/home/dyxcvi/Documents/ROS2_CDPR_Controller/src/MotorController/src/MotorController.cpp:[m[K In member function â€˜[01m[Kvoid epos::MotorController::checkMotorState(unsigned int)[m[Kâ€™:
[5.359s] [01m[K/home/dyxcvi/Documents/ROS2_CDPR_Controller/src/MotorController/src/MotorController.cpp:117:18:[m[K [01;35m[Kwarning: [m[Kunused variable â€˜[01m[KerrorCode[m[Kâ€™ [[01;35m[K-Wunused-variable[m[K]
[5.360s]   117 |     unsigned int [01;35m[KerrorCode[m[K, lBaudrate, lTimeout;
[5.360s]       |                  [01;35m[K^~~~~~~~~[m[K
[5.363s] [01m[K/home/dyxcvi/Documents/ROS2_CDPR_Controller/src/MotorController/src/MotorController.cpp:[m[K In member function â€˜[01m[Kvoid epos::MotorController::startMovement(unsigned int, unsigned int, unsigned int, unsigned int)[m[Kâ€™:
[5.363s] [01m[K/home/dyxcvi/Documents/ROS2_CDPR_Controller/src/MotorController/src/MotorController.cpp:187:9:[m[K [01;35m[Kwarning: [m[Kunused variable â€˜[01m[KisFault[m[Kâ€™ [[01;35m[K-Wunused-variable[m[K]
[5.365s]   187 |     int [01;35m[KisFault[m[K;
[5.365s]       |         [01;35m[K^~~~~~~[m[K
[5.564s] [ 33%] [32m[1mLinking CXX static library libMotorController-lib.a[0m
[5.603s] [ 33%] Built target MotorController-lib
[5.614s] [35m[1mScanning dependencies of target TrajectoryGenerator-lib[0m
[5.629s] [ 41%] [32mBuilding CXX object CMakeFiles/TrajectoryGenerator-lib.dir/src/TrajectoryGenerator/src/TrajectoryGenerator.cpp.o[0m
[9.512s] [ 50%] [32m[1mLinking CXX static library libTrajectoryGenerator-lib.a[0m
[9.572s] [ 50%] Built target TrajectoryGenerator-lib
[9.584s] [35m[1mScanning dependencies of target robotNode[0m
[9.665s] [ 58%] [32mBuilding CXX object CMakeFiles/robotNode.dir/src/RobotNode.cpp.o[0m
[17.865s] [ 66%] [32m[1mLinking CXX executable robotNode[0m
[18.317s] [ 66%] Built target robotNode
[18.329s] [35m[1mScanning dependencies of target motorNode[0m
[18.410s] [ 75%] [32mBuilding CXX object CMakeFiles/motorNode.dir/src/MotorNode.cpp.o[0m
[20.707s] [01m[K/home/dyxcvi/Documents/ROS2_CDPR_Controller/src/MotorNode.cpp:[m[K In function â€˜[01m[Kint main(int, char**)[m[Kâ€™:
[20.708s] [01m[K/home/dyxcvi/Documents/ROS2_CDPR_Controller/src/MotorNode.cpp:62:16:[m[K [01;35m[Kwarning: [m[Kunused variable â€˜[01m[KerrorCode[m[Kâ€™ [[01;35m[K-Wunused-variable[m[K]
[20.708s]    62 |   unsigned int [01;35m[KerrorCode[m[K;
[20.709s]       |                [01;35m[K^~~~~~~~~[m[K
[26.179s] [ 83%] [32m[1mLinking CXX executable motorNode[0m
[26.625s] [ 83%] Built target motorNode
[26.636s] [35m[1mScanning dependencies of target userNode[0m
[26.716s] [ 91%] [32mBuilding CXX object CMakeFiles/userNode.dir/src/UserNode.cpp.o[0m
[26.923s] [01m[K/home/dyxcvi/Documents/ROS2_CDPR_Controller/src/UserNode.cpp:6:10:[m[K [01;31m[Kfatal error: [m[Kgeometry_msgs/Point.hpp: No such file or directory
[26.924s]     6 | #include [01;31m[K"geometry_msgs/Point.hpp"[m[K
[26.924s]       |          [01;31m[K^~~~~~~~~~~~~~~~~~~~~~~~~[m[K
[26.925s] compilation terminated.
[26.928s] make[2]: *** [CMakeFiles/userNode.dir/build.make:63: CMakeFiles/userNode.dir/src/UserNode.cpp.o] Error 1
[26.932s] make[1]: *** [CMakeFiles/Makefile2:277: CMakeFiles/userNode.dir/all] Error 2
[26.933s] make: *** [Makefile:141: all] Error 2
[26.934s] Invoked command in '/home/dyxcvi/Documents/ROS2_CDPR_Controller/build/robot_control_pubsub' returned '2': CMAKE_PREFIX_PATH=/opt/ros/foxy /usr/bin/cmake --build /home/dyxcvi/Documents/ROS2_CDPR_Controller/build/robot_control_pubsub -- -j1 -l1
