[0.026s] Invoking command in '/home/dyxcvi/Documents/ROS2_CDPR_Controller/build/robot_control_pubsub': CMAKE_PREFIX_PATH=/opt/ros/foxy /usr/bin/cmake --build /home/dyxcvi/Documents/ROS2_CDPR_Controller/build/robot_control_pubsub -- -j1 -l1
[0.089s] [ 16%] Built target RobotModel-lib
[0.115s] [ 33%] Built target MotorController-lib
[0.138s] [ 50%] Built target TrajectoryGenerator-lib
[0.171s] [ 66%] Built target robotNode
[0.243s] [ 83%] Built target motorNode
[0.274s] [35m[1mScanning dependencies of target userNode[0m
[0.339s] [ 91%] [32mBuilding CXX object CMakeFiles/userNode.dir/src/UserNode.cpp.o[0m
[0.614s] [01m[K/home/dyxcvi/Documents/ROS2_CDPR_Controller/src/UserNode.cpp:26:54:[m[K [01;35m[Kwarning: [m[Kcharacter constant too long for its type
[0.614s]    26 |       this->create_subscription<std_msgs::msg::Bool>([01;35m[K'ready_flag'[m[K, 10, std::bind(&UserNode::readyFlagCallback, this, std::placeholders::_1))
[0.615s]       |                                                      [01;35m[K^~~~~~~~~~~~[m[K
[2.239s] In file included from [01m[K/opt/ros/foxy/include/rclcpp/context.hpp:19[m[K,
[2.240s]                  from [01m[K/opt/ros/foxy/include/rclcpp/contexts/default_context.hpp:18[m[K,
[2.241s]                  from [01m[K/opt/ros/foxy/include/rclcpp/executor.hpp:32[m[K,
[2.242s]                  from [01m[K/opt/ros/foxy/include/rclcpp/executors/multi_threaded_executor.hpp:26[m[K,
[2.242s]                  from [01m[K/opt/ros/foxy/include/rclcpp/executors.hpp:21[m[K,
[2.243s]                  from [01m[K/opt/ros/foxy/include/rclcpp/rclcpp.hpp:146[m[K,
[2.243s]                  from [01m[K/home/dyxcvi/Documents/ROS2_CDPR_Controller/src/UserNode.cpp:4[m[K:
[2.244s] /usr/include/c++/9/functional: In instantiation of â€˜[01m[Kstruct std::_Bind_check_arity<void (UserNode::*)(), UserNode*, const std::_Placeholder<1>&>[m[Kâ€™:
[2.245s] [01m[K/usr/include/c++/9/functional:787:12:[m[K   required from â€˜[01m[Kstruct std::_Bind_helper<false, void (UserNode::*)(), UserNode*, const std::_Placeholder<1>&>[m[Kâ€™
[2.246s] [01m[K/usr/include/c++/9/functional:808:5:[m[K   required by substitution of â€˜[01m[Ktemplate<class _Func, class ... _BoundArgs> typename std::_Bind_helper<std::__is_socketlike<_Func>::value, _Func, _BoundArgs ...>::type std::bind(_Func&&, _BoundArgs&& ...) [with _Func = void (UserNode::*)(); _BoundArgs = {UserNode*, const std::_Placeholder<1>&}][m[Kâ€™
[2.246s] [01m[K/home/dyxcvi/Documents/ROS2_CDPR_Controller/src/UserNode.cpp:26:139:[m[K   required from here
[2.246s] [01m[K/usr/include/c++/9/functional:775:7:[m[K [01;31m[Kerror: [m[Kstatic assertion failed: Wrong number of arguments for pointer-to-member
[2.247s]   774 |       static_assert(_Varargs::[01;31m[Kvalue[m[K
[2.247s]       |                               [01;31m[K~~~~~[m[K
[2.247s]   775 | [01;31m[K      ? sizeof...(_BoundArgs) >= _Arity::value + 1[m[K
[2.248s]       |       [01;31m[K^~~~~~~~~~~~~~~~~~~~~~~~~~~~~~~~~~~~~~~~~~~~[m[K
[2.248s]   776 | [01;31m[K      : sizeof...(_BoundArgs) == _Arity::value + 1[m[K,
[2.248s]       |       [01;31m[K~~~~~~~~~~~~~~~~~~~~~~~~~~~~~~~~~~~~~~~~~~~~[m[K
[2.263s] In file included from [01m[K/usr/include/c++/9/bits/unique_ptr.h:37[m[K,
[2.264s]                  from [01m[K/usr/include/c++/9/memory:80[m[K,
[2.265s]                  from [01m[K/home/dyxcvi/Documents/ROS2_CDPR_Controller/src/UserNode.cpp:2[m[K:
[2.266s] /usr/include/c++/9/tuple: In instantiation of â€˜[01m[Kstruct std::tuple_element<0, std::tuple<> >[m[Kâ€™:
[2.267s] [01m[K/opt/ros/foxy/include/rclcpp/function_traits.hpp:71:9:[m[K   required by substitution of â€˜[01m[Ktemplate<class ReturnTypeT, class ... Args> template<long unsigned int N> using argument_type = typename std::tuple_element<N, std::tuple<_Elements ...> >::type [with long unsigned int N = 0; ReturnTypeT = void; Args = {}][m[Kâ€™
[2.267s] [01m[K/opt/ros/foxy/include/rclcpp/subscription_traits.hpp:97:8:[m[K   required from â€˜[01m[Kstruct rclcpp::subscription_traits::has_message_type<std::_Bind<void (UserNode::*(UserNode*, std::_Placeholder<1>))()>, std::allocator<void>, void, void, void, void>[m[Kâ€™
[2.268s] [01m[K/opt/ros/foxy/include/rclcpp/node.hpp:204:5:[m[K   required by substitution of â€˜[01m[Ktemplate<class MessageT, class CallbackT, class AllocatorT, class CallbackMessageT, class SubscriptionT, class MessageMemoryStrategyT> std::shared_ptr<SubscriptionT> rclcpp::Node::create_subscription(const string&, const rclcpp::QoS&, CallbackT&&, const rclcpp::SubscriptionOptionsWithAllocator<AllocatorT>&, typename MessageMemoryStrategyT::SharedPtr) [with MessageT = std_msgs::msg::Bool_<std::allocator<void> >; CallbackT = std::_Bind<void (UserNode::*(UserNode*, std::_Placeholder<1>))()>; AllocatorT = std::allocator<void>; CallbackMessageT = <missing>; SubscriptionT = <missing>; MessageMemoryStrategyT = <missing>][m[Kâ€™
[2.269s] [01m[K/home/dyxcvi/Documents/ROS2_CDPR_Controller/src/UserNode.cpp:26:140:[m[K   required from here
[2.269s] [01m[K/usr/include/c++/9/tuple:1303:25:[m[K [01;31m[Kerror: [m[Kstatic assertion failed: tuple index is in range
[2.269s]  1303 |       static_assert([01;31m[K__i < tuple_size<tuple<>>::value[m[K,
[2.270s]       |                     [01;31m[K~~~~^~~~~~~~~~~~~~~~~~~~~~~~~~~~[m[K
[2.271s] In file included from [01m[K/opt/ros/foxy/include/rclcpp/client.hpp:32[m[K,
[2.271s]                  from [01m[K/opt/ros/foxy/include/rclcpp/callback_group.hpp:23[m[K,
[2.271s]                  from [01m[K/opt/ros/foxy/include/rclcpp/any_executable.hpp:20[m[K,
[2.271s]                  from [01m[K/opt/ros/foxy/include/rclcpp/memory_strategy.hpp:24[m[K,
[2.271s]                  from [01m[K/opt/ros/foxy/include/rclcpp/memory_strategies.hpp:18[m[K,
[2.271s]                  from [01m[K/opt/ros/foxy/include/rclcpp/executor_options.hpp:20[m[K,
[2.275s]                  from [01m[K/opt/ros/foxy/include/rclcpp/executor.hpp:33[m[K,
[2.275s]                  from [01m[K/opt/ros/foxy/include/rclcpp/executors/multi_threaded_executor.hpp:26[m[K,
[2.275s]                  from [01m[K/opt/ros/foxy/include/rclcpp/executors.hpp:21[m[K,
[2.275s]                  from [01m[K/opt/ros/foxy/include/rclcpp/rclcpp.hpp:146[m[K,
[2.275s]                  from [01m[K/home/dyxcvi/Documents/ROS2_CDPR_Controller/src/UserNode.cpp:4[m[K:
[2.275s] /opt/ros/foxy/include/rclcpp/function_traits.hpp: In substitution of â€˜[01m[Ktemplate<class ReturnTypeT, class ... Args> template<long unsigned int N> using argument_type = typename std::tuple_element<N, std::tuple<_Elements ...> >::type [with long unsigned int N = 0; ReturnTypeT = void; Args = {}][m[Kâ€™:
[2.276s] [01m[K/opt/ros/foxy/include/rclcpp/subscription_traits.hpp:97:8:[m[K   required from â€˜[01m[Kstruct rclcpp::subscription_traits::has_message_type<std::_Bind<void (UserNode::*(UserNode*, std::_Placeholder<1>))()>, std::allocator<void>, void, void, void, void>[m[Kâ€™
[2.276s] [01m[K/opt/ros/foxy/include/rclcpp/node.hpp:204:5:[m[K   required by substitution of â€˜[01m[Ktemplate<class MessageT, class CallbackT, class AllocatorT, class CallbackMessageT, class SubscriptionT, class MessageMemoryStrategyT> std::shared_ptr<SubscriptionT> rclcpp::Node::create_subscription(const string&, const rclcpp::QoS&, CallbackT&&, const rclcpp::SubscriptionOptionsWithAllocator<AllocatorT>&, typename MessageMemoryStrategyT::SharedPtr) [with MessageT = std_msgs::msg::Bool_<std::allocator<void> >; CallbackT = std::_Bind<void (UserNode::*(UserNode*, std::_Placeholder<1>))()>; AllocatorT = std::allocator<void>; CallbackMessageT = <missing>; SubscriptionT = <missing>; MessageMemoryStrategyT = <missing>][m[Kâ€™
[2.276s] [01m[K/home/dyxcvi/Documents/ROS2_CDPR_Controller/src/UserNode.cpp:26:140:[m[K   required from here
[2.276s] [01m[K/opt/ros/foxy/include/rclcpp/function_traits.hpp:71:9:[m[K [01;31m[Kerror: [m[Kno type named â€˜[01m[Ktype[m[Kâ€™ in â€˜[01m[Kstruct std::tuple_element<0, std::tuple<> >[m[Kâ€™
[2.276s]    71 |   using [01;31m[Kargument_type[m[K = typename std::tuple_element<N, arguments>::type;
[2.276s]       |         [01;31m[K^~~~~~~~~~~~~[m[K
[2.279s] [01m[K/home/dyxcvi/Documents/ROS2_CDPR_Controller/src/UserNode.cpp:[m[K In constructor â€˜[01m[KUserNode::UserNode()[m[Kâ€™:
[2.279s] [01m[K/home/dyxcvi/Documents/ROS2_CDPR_Controller/src/UserNode.cpp:26:140:[m[K [01;31m[Kerror: [m[Kno matching function for call to â€˜[01m[KUserNode::create_subscription<std_msgs::msg::Bool>(int, int, std::_Bind_helper<false, void (UserNode::*)(), UserNode*, const std::_Placeholder<1>&>::type)[m[Kâ€™
[2.279s]    26 |       this->create_subscription<std_msgs::msg::Bool>('ready_flag', 10, std::bind(&UserNode::readyFlagCallback, this, std::placeholders::_1)[01;31m[K)[m[K
[2.279s]       |                                                                                                                                            [01;31m[K^[m[K
[2.279s] In file included from [01m[K/opt/ros/foxy/include/rclcpp/executors/single_threaded_executor.hpp:28[m[K,
[2.279s]                  from [01m[K/opt/ros/foxy/include/rclcpp/executors.hpp:22[m[K,
[2.279s]                  from [01m[K/opt/ros/foxy/include/rclcpp/rclcpp.hpp:146[m[K,
[2.279s]                  from [01m[K/home/dyxcvi/Documents/ROS2_CDPR_Controller/src/UserNode.cpp:4[m[K:
[2.280s] [01m[K/opt/ros/foxy/include/rclcpp/node.hpp:213:3:[m[K [01;36m[Knote: [m[Kcandidate: â€˜[01m[Ktemplate<class MessageT, class CallbackT, class AllocatorT, class CallbackMessageT, class SubscriptionT, class MessageMemoryStrategyT> std::shared_ptr<SubscriptionT> rclcpp::Node::create_subscription(const string&, const rclcpp::QoS&, CallbackT&&, const rclcpp::SubscriptionOptionsWithAllocator<AllocatorT>&, typename MessageMemoryStrategyT::SharedPtr)[m[Kâ€™
[2.280s]   213 |   [01;36m[Kcreate_subscription[m[K(
[2.280s]       |   [01;36m[K^~~~~~~~~~~~~~~~~~~[m[K
[2.280s] [01m[K/opt/ros/foxy/include/rclcpp/node.hpp:213:3:[m[K [01;36m[Knote: [m[K  substitution of deduced template arguments resulted in errors seen above
[3.393s] make[2]: *** [CMakeFiles/userNode.dir/build.make:63: CMakeFiles/userNode.dir/src/UserNode.cpp.o] Error 1
[3.396s] make[1]: *** [CMakeFiles/Makefile2:277: CMakeFiles/userNode.dir/all] Error 2
[3.397s] make: *** [Makefile:141: all] Error 2
[3.397s] Invoked command in '/home/dyxcvi/Documents/ROS2_CDPR_Controller/build/robot_control_pubsub' returned '2': CMAKE_PREFIX_PATH=/opt/ros/foxy /usr/bin/cmake --build /home/dyxcvi/Documents/ROS2_CDPR_Controller/build/robot_control_pubsub -- -j1 -l1
