[01m[K/home/dyxcvi/Documents/ROS2_CDPR_Controller/src/UserNode.cpp:26:54:[m[K [01;35m[Kwarning: [m[Kcharacter constant too long for its type
   26 |       this->create_subscription<std_msgs::msg::Bool>([01;35m[K'ready_flag'[m[K, 10, std::bind(&EposNode::readyFlagCallback, this, _1))
      |                                                      [01;35m[K^~~~~~~~~~~~[m[K
[01m[K/home/dyxcvi/Documents/ROS2_CDPR_Controller/src/UserNode.cpp:[m[K In constructor â€˜[01m[KUserNode::UserNode()[m[Kâ€™:
[01m[K/home/dyxcvi/Documents/ROS2_CDPR_Controller/src/UserNode.cpp:26:83:[m[K [01;31m[Kerror: [m[Kâ€˜[01m[KEposNode[m[Kâ€™ has not been declared
   26 |       this->create_subscription<std_msgs::msg::Bool>('ready_flag', 10, std::bind(&[01;31m[KEposNode[m[K::readyFlagCallback, this, _1))
      |                                                                                   [01;31m[K^~~~~~~~[m[K
[01m[K/home/dyxcvi/Documents/ROS2_CDPR_Controller/src/UserNode.cpp:26:118:[m[K [01;31m[Kerror: [m[Kâ€˜[01m[K_1[m[Kâ€™ was not declared in this scope; did you mean â€˜[01m[Kstd::placeholders::_1[m[Kâ€™?
   26 |       this->create_subscription<std_msgs::msg::Bool>('ready_flag', 10, std::bind(&EposNode::readyFlagCallback, this, [01;31m[K_1[m[K))
      |                                                                                                                      [01;31m[K^~[m[K
      |                                                                                                                      [32m[Kstd::placeholders::_1[m[K
In file included from [01m[K/opt/ros/foxy/include/rclcpp/context.hpp:19[m[K,
                 from [01m[K/opt/ros/foxy/include/rclcpp/contexts/default_context.hpp:18[m[K,
                 from [01m[K/opt/ros/foxy/include/rclcpp/executor.hpp:32[m[K,
                 from [01m[K/opt/ros/foxy/include/rclcpp/executors/multi_threaded_executor.hpp:26[m[K,
                 from [01m[K/opt/ros/foxy/include/rclcpp/executors.hpp:21[m[K,
                 from [01m[K/opt/ros/foxy/include/rclcpp/rclcpp.hpp:146[m[K,
                 from [01m[K/home/dyxcvi/Documents/ROS2_CDPR_Controller/src/UserNode.cpp:4[m[K:
[01m[K/usr/include/c++/9/functional:211:34:[m[K [01;36m[Knote: [m[Kâ€˜[01m[Kstd::placeholders::_1[m[Kâ€™ declared here
  211 |     extern const _Placeholder<1> [01;36m[K_1[m[K;
      |                                  [01;36m[K^~[m[K
[01m[K/home/dyxcvi/Documents/ROS2_CDPR_Controller/src/UserNode.cpp:[m[K In member function â€˜[01m[Kvoid UserNode::timer_callback()[m[Kâ€™:
[01m[K/home/dyxcvi/Documents/ROS2_CDPR_Controller/src/UserNode.cpp:47:15:[m[K [01;31m[Kerror: [m[Kâ€˜[01m[Kstruct geometry_msgs::msg::Point_<std::allocator<void> >[m[Kâ€™ has no member named â€˜[01m[Kdata[m[Kâ€™
   47 |       message.[01;31m[Kdata[m[K = std::to_string(x) + "|" + std::to_string(y);
      |               [01;31m[K^~~~[m[K
[01m[K/home/dyxcvi/Documents/ROS2_CDPR_Controller/src/UserNode.cpp:39:26:[m[K [01;35m[Kwarning: [m[Kunused variable â€˜[01m[Kstatus[m[Kâ€™ [[01;35m[K-Wunused-variable[m[K]
   39 |       std::future_status [01;35m[Kstatus[m[K = futureCounter.wait_until(std::chrono::system_clock::now() + std::chrono::nanoseconds(100));
      |                          [01;35m[K^~~~~~[m[K
make[2]: *** [CMakeFiles/userNode.dir/build.make:63: CMakeFiles/userNode.dir/src/UserNode.cpp.o] Error 1
make[1]: *** [CMakeFiles/Makefile2:277: CMakeFiles/userNode.dir/all] Error 2
make: *** [Makefile:141: all] Error 2
