[0.025s] Invoking command in '/home/dyxcvi/Documents/ROS2_CDPR_Controller/build/robot_control_pubsub': CMAKE_PREFIX_PATH=/opt/ros/foxy /usr/bin/cmake --build /home/dyxcvi/Documents/ROS2_CDPR_Controller/build/robot_control_pubsub -- -j1 -l1
[0.062s] -- Found ament_cmake: 0.9.11 (/opt/ros/foxy/share/ament_cmake/cmake)
[0.091s] -- Using PYTHON_EXECUTABLE: /usr/bin/python3
[0.438s] -- Found rclcpp: 2.4.2 (/opt/ros/foxy/share/rclcpp/cmake)
[0.491s] -- Using all available rosidl_typesupport_c: rosidl_typesupport_fastrtps_c;rosidl_typesupport_introspection_c
[0.499s] -- Found rosidl_adapter: 1.3.0 (/opt/ros/foxy/share/rosidl_adapter/cmake)
[0.692s] -- Using all available rosidl_typesupport_cpp: rosidl_typesupport_fastrtps_cpp;rosidl_typesupport_introspection_cpp
[0.786s] -- Found rmw_implementation_cmake: 1.0.3 (/opt/ros/foxy/share/rmw_implementation_cmake/cmake)
[0.789s] -- Using RMW implementation 'rmw_fastrtps_cpp' as default
[1.088s] -- Found geometry_msgs: 2.0.5 (/opt/ros/foxy/share/geometry_msgs/cmake)
[1.160s] -- Found ament_lint_auto: 0.9.7 (/opt/ros/foxy/share/ament_lint_auto/cmake)
[1.263s] -- Added test 'copyright' to check source files copyright and LICENSE
[1.289s] -- Added test 'cppcheck' to perform static code analysis on C / C++ code
[1.294s] -- Configured cppcheck include dirs: /home/dyxcvi/Documents/ROS2_CDPR_Controller/src/MotorController/include/;/home/dyxcvi/Documents/ROS2_CDPR_Controller/src/TrajectoryGenerator/include/;/home/dyxcvi/Documents/ROS2_CDPR_Controller/src/RobotModel/include/
[1.294s] -- Configured cppcheck exclude dirs and/or files: 
[1.336s] -- Added test 'cpplint' to check C / C++ code against the Google style
[1.337s] -- Configured cpplint exclude dirs and/or files: 
[1.341s] -- Added test 'flake8' to check Python code syntax and style conventions
[1.348s] -- Added test 'lint_cmake' to check CMake code style
[1.352s] -- Added test 'pep257' to check Python code against some of the style conventions in PEP 257
[1.376s] -- Added test 'uncrustify' to check C / C++ code style
[1.377s] -- Configured uncrustify additional arguments: 
[1.381s] -- Added test 'xmllint' to check XML markup files
[1.387s] -- Configuring done
[1.448s] -- Generating done
[1.459s] -- Build files have been written to: /home/dyxcvi/Documents/ROS2_CDPR_Controller/build/robot_control_pubsub
[1.505s] [ 16%] Built target RobotModel-lib
[1.529s] [ 33%] Built target MotorController-lib
[1.550s] [ 50%] Built target TrajectoryGenerator-lib
[1.582s] [ 66%] Built target robotNode
[1.620s] [ 83%] Built target motorNode
[1.634s] [35m[1mScanning dependencies of target userNode[0m
[1.762s] [ 91%] [32mBuilding CXX object CMakeFiles/userNode.dir/src/UserNode.cpp.o[0m
[2.019s] [01m[K/home/dyxcvi/Documents/ROS2_CDPR_Controller/src/UserNode.cpp:25:54:[m[K [01;35m[Kwarning: [m[Kcharacter constant too long for its type
[2.020s]    25 |       this->create_subscription<std_msgs::msg::Bool>([01;35m[K'ready_flag'[m[K, 10, std::bind(&EposNode::readyFlagCallback, this, _1))
[2.020s]       |                                                      [01;35m[K^~~~~~~~~~~~[m[K
[3.595s] [01m[K/home/dyxcvi/Documents/ROS2_CDPR_Controller/src/UserNode.cpp:[m[K In constructor â€˜[01m[KUserNode::UserNode()[m[Kâ€™:
[3.596s] [01m[K/home/dyxcvi/Documents/ROS2_CDPR_Controller/src/UserNode.cpp:23:58:[m[K [01;31m[Kerror: [m[Kâ€˜[01m[KPoint[m[Kâ€™ is not a member of â€˜[01m[Kgeometry_msgs[m[Kâ€™; did you mean â€˜[01m[Kgeometry_msgs::msg::Point[m[Kâ€™?
[3.597s]    23 |       publisher_ = this->create_publisher<geometry_msgs::[01;31m[KPoint[m[K>("desired_pos", 10);
[3.598s]       |                                                          [01;31m[K^~~~~[m[K
[3.598s] In file included from [01m[K/opt/ros/foxy/include/geometry_msgs/msg/point.hpp:7[m[K,
[3.599s]                  from [01m[K/home/dyxcvi/Documents/ROS2_CDPR_Controller/src/UserNode.cpp:6[m[K:
[3.599s] [01m[K/opt/ros/foxy/include/geometry_msgs/msg/detail/point__struct.hpp:149:7:[m[K [01;36m[Knote: [m[Kâ€˜[01m[Kgeometry_msgs::msg::Point[m[Kâ€™ declared here
[3.600s]   149 | using [01;36m[KPoint[m[K =
[3.601s]       |       [01;36m[K^~~~~[m[K
[3.602s] [01m[K/home/dyxcvi/Documents/ROS2_CDPR_Controller/src/UserNode.cpp:23:58:[m[K [01;31m[Kerror: [m[Kâ€˜[01m[KPoint[m[Kâ€™ is not a member of â€˜[01m[Kgeometry_msgs[m[Kâ€™; did you mean â€˜[01m[Kgeometry_msgs::msg::Point[m[Kâ€™?
[3.603s]    23 |       publisher_ = this->create_publisher<geometry_msgs::[01;31m[KPoint[m[K>("desired_pos", 10);
[3.604s]       |                                                          [01;31m[K^~~~~[m[K
[3.604s] In file included from [01m[K/opt/ros/foxy/include/geometry_msgs/msg/point.hpp:7[m[K,
[3.604s]                  from [01m[K/home/dyxcvi/Documents/ROS2_CDPR_Controller/src/UserNode.cpp:6[m[K:
[3.604s] [01m[K/opt/ros/foxy/include/geometry_msgs/msg/detail/point__struct.hpp:149:7:[m[K [01;36m[Knote: [m[Kâ€˜[01m[Kgeometry_msgs::msg::Point[m[Kâ€™ declared here
[3.604s]   149 | using [01;36m[KPoint[m[K =
[3.605s]       |       [01;36m[K^~~~~[m[K
[3.605s] [01m[K/home/dyxcvi/Documents/ROS2_CDPR_Controller/src/UserNode.cpp:23:82:[m[K [01;31m[Kerror: [m[Kno matching function for call to â€˜[01m[KUserNode::create_publisher<<expression error> >(const char [12], int)[m[Kâ€™
[3.609s]    23 |       publisher_ = this->create_publisher<geometry_msgs::Point>("desired_pos", 10[01;31m[K)[m[K;
[3.609s]       |                                                                                  [01;31m[K^[m[K
[3.609s] In file included from [01m[K/opt/ros/foxy/include/rclcpp/executors/single_threaded_executor.hpp:28[m[K,
[3.610s]                  from [01m[K/opt/ros/foxy/include/rclcpp/executors.hpp:22[m[K,
[3.610s]                  from [01m[K/opt/ros/foxy/include/rclcpp/rclcpp.hpp:146[m[K,
[3.610s]                  from [01m[K/home/dyxcvi/Documents/ROS2_CDPR_Controller/src/UserNode.cpp:4[m[K:
[3.610s] [01m[K/opt/ros/foxy/include/rclcpp/node.hpp:184:3:[m[K [01;36m[Knote: [m[Kcandidate: â€˜[01m[Ktemplate<class MessageT, class AllocatorT, class PublisherT> std::shared_ptr<PublisherT> rclcpp::Node::create_publisher(const string&, const rclcpp::QoS&, const rclcpp::PublisherOptionsWithAllocator<AllocatorT>&)[m[Kâ€™
[3.610s]   184 |   [01;36m[Kcreate_publisher[m[K(
[3.610s]       |   [01;36m[K^~~~~~~~~~~~~~~~[m[K
[3.610s] [01m[K/opt/ros/foxy/include/rclcpp/node.hpp:184:3:[m[K [01;36m[Knote: [m[K  template argument deduction/substitution failed:
[3.611s] [01m[K/home/dyxcvi/Documents/ROS2_CDPR_Controller/src/UserNode.cpp:23:82:[m[K [01;31m[Kerror: [m[Ktemplate argument 1 is invalid
[3.611s]    23 |       publisher_ = this->create_publisher<geometry_msgs::Point>("desired_pos", 10[01;31m[K)[m[K;
[3.611s]       |                                                                                  [01;31m[K^[m[K
[3.612s] [01m[K/home/dyxcvi/Documents/ROS2_CDPR_Controller/src/UserNode.cpp:25:48:[m[K [01;31m[Kerror: [m[Kâ€˜[01m[KBool[m[Kâ€™ is not a member of â€˜[01m[Kstd_msgs::msg[m[Kâ€™
[3.612s]    25 |       this->create_subscription<std_msgs::msg::[01;31m[KBool[m[K>('ready_flag', 10, std::bind(&EposNode::readyFlagCallback, this, _1))
[3.612s]       |                                                [01;31m[K^~~~[m[K
[3.612s] [01m[K/home/dyxcvi/Documents/ROS2_CDPR_Controller/src/UserNode.cpp:25:48:[m[K [01;31m[Kerror: [m[Kâ€˜[01m[KBool[m[Kâ€™ is not a member of â€˜[01m[Kstd_msgs::msg[m[Kâ€™
[3.613s] [01m[K/home/dyxcvi/Documents/ROS2_CDPR_Controller/src/UserNode.cpp:25:83:[m[K [01;31m[Kerror: [m[Kâ€˜[01m[KEposNode[m[Kâ€™ has not been declared
[3.613s]    25 |       this->create_subscription<std_msgs::msg::Bool>('ready_flag', 10, std::bind(&[01;31m[KEposNode[m[K::readyFlagCallback, this, _1))
[3.617s]       |                                                                                   [01;31m[K^~~~~~~~[m[K
[3.617s] [01m[K/home/dyxcvi/Documents/ROS2_CDPR_Controller/src/UserNode.cpp:25:118:[m[K [01;31m[Kerror: [m[Kâ€˜[01m[K_1[m[Kâ€™ was not declared in this scope; did you mean â€˜[01m[Kstd::placeholders::_1[m[Kâ€™?
[3.619s]    25 |       this->create_subscription<std_msgs::msg::Bool>('ready_flag', 10, std::bind(&EposNode::readyFlagCallback, this, [01;31m[K_1[m[K))
[3.620s]       |                                                                                                                      [01;31m[K^~[m[K
[3.620s]       |                                                                                                                      [32m[Kstd::placeholders::_1[m[K
[3.620s] In file included from [01m[K/opt/ros/foxy/include/rclcpp/context.hpp:19[m[K,
[3.620s]                  from [01m[K/opt/ros/foxy/include/rclcpp/contexts/default_context.hpp:18[m[K,
[3.620s]                  from [01m[K/opt/ros/foxy/include/rclcpp/executor.hpp:32[m[K,
[3.620s]                  from [01m[K/opt/ros/foxy/include/rclcpp/executors/multi_threaded_executor.hpp:26[m[K,
[3.620s]                  from [01m[K/opt/ros/foxy/include/rclcpp/executors.hpp:21[m[K,
[3.620s]                  from [01m[K/opt/ros/foxy/include/rclcpp/rclcpp.hpp:146[m[K,
[3.620s]                  from [01m[K/home/dyxcvi/Documents/ROS2_CDPR_Controller/src/UserNode.cpp:4[m[K:
[3.620s] [01m[K/usr/include/c++/9/functional:211:34:[m[K [01;36m[Knote: [m[Kâ€˜[01m[Kstd::placeholders::_1[m[Kâ€™ declared here
[3.621s]   211 |     extern const _Placeholder<1> [01;36m[K_1[m[K;
[3.621s]       |                                  [01;36m[K^~[m[K
[3.622s] [01m[K/home/dyxcvi/Documents/ROS2_CDPR_Controller/src/UserNode.cpp:[m[K In member function â€˜[01m[Kvoid UserNode::timer_callback()[m[Kâ€™:
[3.622s] [01m[K/home/dyxcvi/Documents/ROS2_CDPR_Controller/src/UserNode.cpp:35:37:[m[K [01;31m[Kerror: [m[Kâ€˜[01m[KPoint[m[Kâ€™ is not a member of â€˜[01m[Kgeometry_msgs[m[Kâ€™; did you mean â€˜[01m[Kgeometry_msgs::msg::Point[m[Kâ€™?
[3.623s]    35 |       auto message = geometry_msgs::[01;31m[KPoint[m[K();
[3.623s]       |                                     [01;31m[K^~~~~[m[K
[3.627s] In file included from [01m[K/opt/ros/foxy/include/geometry_msgs/msg/point.hpp:7[m[K,
[3.628s]                  from [01m[K/home/dyxcvi/Documents/ROS2_CDPR_Controller/src/UserNode.cpp:6[m[K:
[3.628s] [01m[K/opt/ros/foxy/include/geometry_msgs/msg/detail/point__struct.hpp:149:7:[m[K [01;36m[Knote: [m[Kâ€˜[01m[Kgeometry_msgs::msg::Point[m[Kâ€™ declared here
[3.628s]   149 | using [01;36m[KPoint[m[K =
[3.628s]       |       [01;36m[K^~~~~[m[K
[3.633s] [01m[K/home/dyxcvi/Documents/ROS2_CDPR_Controller/src/UserNode.cpp:38:26:[m[K [01;35m[Kwarning: [m[Kunused variable â€˜[01m[Kstatus[m[Kâ€™ [[01;35m[K-Wunused-variable[m[K]
[3.633s]    38 |       std::future_status [01;35m[Kstatus[m[K = futureCounter.wait_until(std::chrono::system_clock::now() + std::chrono::nanoseconds(100));
[3.634s]       |                          [01;35m[K^~~~~~[m[K
[4.217s] make[2]: *** [CMakeFiles/userNode.dir/build.make:63: CMakeFiles/userNode.dir/src/UserNode.cpp.o] Error 1
[4.218s] make[1]: *** [CMakeFiles/Makefile2:277: CMakeFiles/userNode.dir/all] Error 2
[4.219s] make: *** [Makefile:141: all] Error 2
[4.223s] Invoked command in '/home/dyxcvi/Documents/ROS2_CDPR_Controller/build/robot_control_pubsub' returned '2': CMAKE_PREFIX_PATH=/opt/ros/foxy /usr/bin/cmake --build /home/dyxcvi/Documents/ROS2_CDPR_Controller/build/robot_control_pubsub -- -j1 -l1
