[0.024s] Invoking command in '/home/dyxcvi/Documents/ROS2_CDPR_Controller/build/robot_control_pubsub': CMAKE_PREFIX_PATH=/opt/ros/foxy /usr/bin/cmake --build /home/dyxcvi/Documents/ROS2_CDPR_Controller/build/robot_control_pubsub -- -j1 -l1
[0.090s] [ 16%] Built target RobotModel-lib
[0.116s] [ 33%] Built target MotorController-lib
[0.138s] [ 50%] Built target TrajectoryGenerator-lib
[0.174s] [ 66%] Built target robotNode
[0.211s] [ 83%] Built target motorNode
[0.225s] [35m[1mScanning dependencies of target userNode[0m
[0.285s] [ 91%] [32mBuilding CXX object CMakeFiles/userNode.dir/src/UserNode.cpp.o[0m
[0.536s] [01m[K/home/dyxcvi/Documents/ROS2_CDPR_Controller/src/UserNode.cpp:6:10:[m[K [01;31m[Kfatal error: [m[Kgeometry_msgs/: No such file or directory
[0.536s]     6 | #include [01;31m[K"geometry_msgs/"[m[K
[0.538s]       |          [01;31m[K^~~~~~~~~~~~~~~~[m[K
[0.538s] compilation terminated.
[0.543s] make[2]: *** [CMakeFiles/userNode.dir/build.make:63: CMakeFiles/userNode.dir/src/UserNode.cpp.o] Error 1
[0.544s] make[1]: *** [CMakeFiles/Makefile2:277: CMakeFiles/userNode.dir/all] Error 2
[0.545s] make: *** [Makefile:141: all] Error 2
[0.548s] Invoked command in '/home/dyxcvi/Documents/ROS2_CDPR_Controller/build/robot_control_pubsub' returned '2': CMAKE_PREFIX_PATH=/opt/ros/foxy /usr/bin/cmake --build /home/dyxcvi/Documents/ROS2_CDPR_Controller/build/robot_control_pubsub -- -j1 -l1
