[01m[K/home/dyxcvi/Documents/ROS2_CDPR_Controller/src/UserNode.cpp:26:54:[m[K [01;35m[Kwarning: [m[Kcharacter constant too long for its type
   26 |       this->create_subscription<std_msgs::msg::Bool>([01;35m[K'ready_flag'[m[K, 10, std::bind(&readyFlagCallback, this, _std::placeholders::1))
      |                                                      [01;35m[K^~~~~~~~~~~~[m[K
[01m[K/home/dyxcvi/Documents/ROS2_CDPR_Controller/src/UserNode.cpp:[m[K In constructor â€˜[01m[KUserNode::UserNode()[m[Kâ€™:
[01m[K/home/dyxcvi/Documents/ROS2_CDPR_Controller/src/UserNode.cpp:26:83:[m[K [01;31m[Kerror: [m[KISO C++ forbids taking the address of an unqualified or parenthesized non-static member function to form a pointer to member function.  Say â€˜[01m[K&UserNode::readyFlagCallback[m[Kâ€™ [[01;31m[K-fpermissive[m[K]
   26 |       this->create_subscription<std_msgs::msg::Bool>('ready_flag', 10, std::bind(&[01;31m[KreadyFlagCallback[m[K, this, _std::placeholders::1))
      |                                                                                   [01;31m[K^~~~~~~~~~~~~~~~~[m[K
[01m[K/home/dyxcvi/Documents/ROS2_CDPR_Controller/src/UserNode.cpp:26:108:[m[K [01;31m[Kerror: [m[Kâ€˜[01m[K_std[m[Kâ€™ has not been declared
   26 |       this->create_subscription<std_msgs::msg::Bool>('ready_flag', 10, std::bind(&readyFlagCallback, this, [01;31m[K_std[m[K::placeholders::1))
      |                                                                                                            [01;31m[K^~~~[m[K
[01m[K/home/dyxcvi/Documents/ROS2_CDPR_Controller/src/UserNode.cpp:26:128:[m[K [01;31m[Kerror: [m[Kexpected unqualified-id before numeric constant
   26 |       this->create_subscription<std_msgs::msg::Bool>('ready_flag', 10, std::bind(&readyFlagCallback, this, _std::placeholders::[01;31m[K1[m[K))
      |                                                                                                                                [01;31m[K^[m[K
make[2]: *** [CMakeFiles/userNode.dir/build.make:63: CMakeFiles/userNode.dir/src/UserNode.cpp.o] Error 1
make[1]: *** [CMakeFiles/Makefile2:277: CMakeFiles/userNode.dir/all] Error 2
make: *** [Makefile:141: all] Error 2
