[0.025s] Invoking command in '/home/dyxcvi/Documents/ROS2_CDPR_Controller/build/robot_control_pubsub': CMAKE_PREFIX_PATH=/opt/ros/foxy /usr/bin/cmake --build /home/dyxcvi/Documents/ROS2_CDPR_Controller/build/robot_control_pubsub -- -j1 -l1
[0.087s] [ 16%] Built target RobotModel-lib
[0.112s] [ 33%] Built target MotorController-lib
[0.134s] [ 50%] Built target TrajectoryGenerator-lib
[0.176s] [ 66%] Built target robotNode
[0.227s] [ 83%] Built target motorNode
[0.245s] [35m[1mScanning dependencies of target userNode[0m
[0.313s] [ 91%] [32mBuilding CXX object CMakeFiles/userNode.dir/src/UserNode.cpp.o[0m
[2.145s] [01m[K/home/dyxcvi/Documents/ROS2_CDPR_Controller/src/UserNode.cpp:[m[K In function â€˜[01m[Kint getData()[m[Kâ€™:
[2.146s] [01m[K/home/dyxcvi/Documents/ROS2_CDPR_Controller/src/UserNode.cpp:19:21:[m[K [01;31m[Kerror: [m[Kexpected â€˜[01m[K;[m[Kâ€™ before string constant
[2.146s]    19 |   cout << "X: " << x[01;31m[K [m[K[32m[K" | "[m[K << "Y: " << endl;
[2.147s]       |                     [01;31m[K^[m[K[32m[K~~~~~[m[K
[2.148s]       |                     [32m[K;[m[K
[2.178s] [01m[K/home/dyxcvi/Documents/ROS2_CDPR_Controller/src/UserNode.cpp:[m[K In member function â€˜[01m[Kvoid UserNode::timer_callback()[m[Kâ€™:
[2.178s] [01m[K/home/dyxcvi/Documents/ROS2_CDPR_Controller/src/UserNode.cpp:41:26:[m[K [01;35m[Kwarning: [m[Kunused variable â€˜[01m[Kstatus[m[Kâ€™ [[01;35m[K-Wunused-variable[m[K]
[2.179s]    41 |       std::future_status [01;35m[Kstatus[m[K = futureCounter.wait_until(std::chrono::system_clock::now() + std::chrono::nanoseconds(100));
[2.180s]       |                          [01;35m[K^~~~~~[m[K
[3.481s] make[2]: *** [CMakeFiles/userNode.dir/build.make:63: CMakeFiles/userNode.dir/src/UserNode.cpp.o] Error 1
[3.486s] make[1]: *** [CMakeFiles/Makefile2:277: CMakeFiles/userNode.dir/all] Error 2
[3.487s] make: *** [Makefile:141: all] Error 2
[3.488s] Invoked command in '/home/dyxcvi/Documents/ROS2_CDPR_Controller/build/robot_control_pubsub' returned '2': CMAKE_PREFIX_PATH=/opt/ros/foxy /usr/bin/cmake --build /home/dyxcvi/Documents/ROS2_CDPR_Controller/build/robot_control_pubsub -- -j1 -l1
