[0.021s] Invoking command in '/home/dyxcvi/Documents/ROS2_CDPR_Controller/build/robot_control_pubsub': CMAKE_PREFIX_PATH=/opt/ros/foxy /usr/bin/cmake /home/dyxcvi/Documents/ROS2_CDPR_Controller -DCMAKE_INSTALL_PREFIX=/home/dyxcvi/Documents/ROS2_CDPR_Controller/install/robot_control_pubsub
[0.100s] -- The C compiler identification is GNU 9.4.0
[0.181s] -- The CXX compiler identification is GNU 9.4.0
[0.190s] -- Check for working C compiler: /usr/bin/cc
[0.326s] -- Check for working C compiler: /usr/bin/cc -- works
[0.329s] -- Detecting C compiler ABI info
[0.444s] -- Detecting C compiler ABI info - done
[0.468s] -- Detecting C compile features
[0.470s] -- Detecting C compile features - done
[0.476s] -- Check for working CXX compiler: /usr/bin/c++
[0.605s] -- Check for working CXX compiler: /usr/bin/c++ -- works
[0.609s] -- Detecting CXX compiler ABI info
[0.744s] -- Detecting CXX compiler ABI info - done
[0.770s] -- Detecting CXX compile features
[0.772s] -- Detecting CXX compile features - done
[0.778s] -- Found ament_cmake: 0.9.11 (/opt/ros/foxy/share/ament_cmake/cmake)
[0.810s] -- Found PythonInterp: /usr/bin/python3 (found suitable version "3.8.10", minimum required is "3") 
[0.812s] -- Using PYTHON_EXECUTABLE: /usr/bin/python3
[1.117s] -- Found rclcpp: 2.4.2 (/opt/ros/foxy/share/rclcpp/cmake)
[1.184s] -- Using all available rosidl_typesupport_c: rosidl_typesupport_fastrtps_c;rosidl_typesupport_introspection_c
[1.194s] -- Found rosidl_adapter: 1.3.0 (/opt/ros/foxy/share/rosidl_adapter/cmake)
[1.288s] -- Found OpenSSL: /usr/lib/x86_64-linux-gnu/libcrypto.so (found version "1.1.1f")  
[1.342s] -- Found FastRTPS: /opt/ros/foxy/include  
[1.461s] -- Using all available rosidl_typesupport_cpp: rosidl_typesupport_fastrtps_cpp;rosidl_typesupport_introspection_cpp
[1.564s] -- Found rmw_implementation_cmake: 1.0.3 (/opt/ros/foxy/share/rmw_implementation_cmake/cmake)
[1.568s] -- Using RMW implementation 'rmw_fastrtps_cpp' as default
[1.571s] -- Looking for pthread.h
[1.686s] -- Looking for pthread.h - found
[1.687s] -- Performing Test CMAKE_HAVE_LIBC_PTHREAD
[1.806s] -- Performing Test CMAKE_HAVE_LIBC_PTHREAD - Failed
[1.807s] -- Looking for pthread_create in pthreads
[1.902s] -- Looking for pthread_create in pthreads - not found
[1.903s] -- Looking for pthread_create in pthread
[2.013s] -- Looking for pthread_create in pthread - found
[2.018s] -- Found Threads: TRUE  
[2.311s] -- Found geometry_msgs: 2.0.5 (/opt/ros/foxy/share/geometry_msgs/cmake)
[2.387s] -- Found ament_lint_auto: 0.9.7 (/opt/ros/foxy/share/ament_lint_auto/cmake)
[2.504s] -- Added test 'copyright' to check source files copyright and LICENSE
[2.525s] -- Added test 'cppcheck' to perform static code analysis on C / C++ code
[2.527s] -- Configured cppcheck include dirs: /home/dyxcvi/Documents/ROS2_CDPR_Controller/src/MotorController/include/;/home/dyxcvi/Documents/ROS2_CDPR_Controller/src/TrajectoryGenerator/include/;/home/dyxcvi/Documents/ROS2_CDPR_Controller/src/RobotModel/include/
[2.527s] -- Configured cppcheck exclude dirs and/or files: 
[2.545s] -- Added test 'cpplint' to check C / C++ code against the Google style
[2.546s] -- Configured cpplint exclude dirs and/or files: 
[2.549s] -- Added test 'flake8' to check Python code syntax and style conventions
[2.554s] -- Added test 'lint_cmake' to check CMake code style
[2.559s] -- Added test 'pep257' to check Python code against some of the style conventions in PEP 257
[2.576s] -- Added test 'uncrustify' to check C / C++ code style
[2.576s] -- Configured uncrustify additional arguments: 
[2.580s] -- Added test 'xmllint' to check XML markup files
[2.589s] -- Configuring done
[2.649s] -- Generating done
[2.660s] -- Build files have been written to: /home/dyxcvi/Documents/ROS2_CDPR_Controller/build/robot_control_pubsub
[2.673s] Invoked command in '/home/dyxcvi/Documents/ROS2_CDPR_Controller/build/robot_control_pubsub' returned '0': CMAKE_PREFIX_PATH=/opt/ros/foxy /usr/bin/cmake /home/dyxcvi/Documents/ROS2_CDPR_Controller -DCMAKE_INSTALL_PREFIX=/home/dyxcvi/Documents/ROS2_CDPR_Controller/install/robot_control_pubsub
[2.675s] Invoking command in '/home/dyxcvi/Documents/ROS2_CDPR_Controller/build/robot_control_pubsub': CMAKE_PREFIX_PATH=/opt/ros/foxy /usr/bin/cmake --build /home/dyxcvi/Documents/ROS2_CDPR_Controller/build/robot_control_pubsub -- -j1 -l1
[2.725s] [35m[1mScanning dependencies of target RobotModel-lib[0m
[2.741s] [  8%] [32mBuilding CXX object CMakeFiles/RobotModel-lib.dir/src/RobotModel/src/RobotModel.cpp.o[0m
[4.062s] [01m[K/home/dyxcvi/Documents/ROS2_CDPR_Controller/src/RobotModel/src/RobotModel.cpp:[m[K In member function â€˜[01m[Kvoid RobotModel::inverseKinematics(Eigen::Vector3d, std::vector<int>&)[m[Kâ€™:
[4.062s] [01m[K/home/dyxcvi/Documents/ROS2_CDPR_Controller/src/RobotModel/src/RobotModel.cpp:20:52:[m[K [01;35m[Kwarning: [m[Kunused parameter â€˜[01m[KXd[m[Kâ€™ [[01;35m[K-Wunused-parameter[m[K]
[4.063s]    20 | void RobotModel::inverseKinematics([01;35m[KEigen::Vector3d Xd[m[K, std::vector<int> &Qs) {
[4.064s]       |                                    [01;35m[K~~~~~~~~~~~~~~~~^~[m[K
[4.551s] [ 16%] [32m[1mLinking CXX static library libRobotModel-lib.a[0m
[4.597s] [ 16%] Built target RobotModel-lib
[4.608s] [35m[1mScanning dependencies of target MotorController-lib[0m
[4.623s] [ 25%] [32mBuilding CXX object CMakeFiles/MotorController-lib.dir/src/MotorController/src/MotorController.cpp.o[0m
[4.970s] [01m[K/home/dyxcvi/Documents/ROS2_CDPR_Controller/src/MotorController/src/MotorController.cpp:[m[K In member function â€˜[01m[Kvoid epos::MotorController::LogError(std::string, unsigned int)[m[Kâ€™:
[4.971s] [01m[K/home/dyxcvi/Documents/ROS2_CDPR_Controller/src/MotorController/src/MotorController.cpp:5:18:[m[K [01;35m[Kwarning: [m[Kcomparison of integer expressions of different signedness: â€˜[01m[Kunsigned int[m[Kâ€™ and â€˜[01m[Kint[m[Kâ€™ [[01;35m[K-Wsign-compare[m[K]
[4.972s]     5 |     if([01;35m[KerrorCode == -1[m[K) {
[4.972s]       |        [01;35m[K~~~~~~~~~~^~~~~[m[K
[4.986s] [01m[K/home/dyxcvi/Documents/ROS2_CDPR_Controller/src/MotorController/src/MotorController.cpp:[m[K In member function â€˜[01m[Kvoid epos::MotorController::connect(std::string, std::string, std::string, std::string, unsigned int)[m[Kâ€™:
[4.987s] [01m[K/home/dyxcvi/Documents/ROS2_CDPR_Controller/src/MotorController/src/MotorController.cpp:90:42:[m[K [01;35m[Kwarning: [m[Kright operand of comma operator has no effect [[01;35m[K-Wunused-value[m[K]
[4.988s]    90 |     delete c_deviceName, c_protocolName, [01;35m[Kc_interfaceName[m[K, c_portName;
[4.989s]       |                                          [01;35m[K^~~~~~~~~~~~~~~[m[K
[4.989s] [01m[K/home/dyxcvi/Documents/ROS2_CDPR_Controller/src/MotorController/src/MotorController.cpp:90:59:[m[K [01;35m[Kwarning: [m[Kright operand of comma operator has no effect [[01;35m[K-Wunused-value[m[K]
[4.990s]    90 |     delete c_deviceName, c_protocolName, c_interfaceName, [01;35m[Kc_portName[m[K;
[4.991s]       |                                                           [01;35m[K^~~~~~~~~~[m[K
[4.992s] [01m[K/home/dyxcvi/Documents/ROS2_CDPR_Controller/src/MotorController/src/MotorController.cpp:90:69:[m[K [01;35m[Kwarning: [m[Kright operand of comma operator has no effect [[01;35m[K-Wunused-value[m[K]
[4.992s]    90 |     delete c_deviceName, c_protocolName, c_interfaceName, c_portName[01;35m[K;[m[K
[4.993s]       |                                                                     [01;35m[K^[m[K
[4.995s] [01m[K/home/dyxcvi/Documents/ROS2_CDPR_Controller/src/MotorController/src/MotorController.cpp:[m[K In member function â€˜[01m[Kvoid epos::MotorController::checkMotorState(unsigned int)[m[Kâ€™:
[4.996s] [01m[K/home/dyxcvi/Documents/ROS2_CDPR_Controller/src/MotorController/src/MotorController.cpp:117:18:[m[K [01;35m[Kwarning: [m[Kunused variable â€˜[01m[KerrorCode[m[Kâ€™ [[01;35m[K-Wunused-variable[m[K]
[4.996s]   117 |     unsigned int [01;35m[KerrorCode[m[K, lBaudrate, lTimeout;
[4.997s]       |                  [01;35m[K^~~~~~~~~[m[K
[4.999s] [01m[K/home/dyxcvi/Documents/ROS2_CDPR_Controller/src/MotorController/src/MotorController.cpp:[m[K In member function â€˜[01m[Kvoid epos::MotorController::startMovement(unsigned int, unsigned int, unsigned int, unsigned int)[m[Kâ€™:
[5.000s] [01m[K/home/dyxcvi/Documents/ROS2_CDPR_Controller/src/MotorController/src/MotorController.cpp:187:9:[m[K [01;35m[Kwarning: [m[Kunused variable â€˜[01m[KisFault[m[Kâ€™ [[01;35m[K-Wunused-variable[m[K]
[5.000s]   187 |     int [01;35m[KisFault[m[K;
[5.001s]       |         [01;35m[K^~~~~~~[m[K
[5.194s] [ 33%] [32m[1mLinking CXX static library libMotorController-lib.a[0m
[5.233s] [ 33%] Built target MotorController-lib
[5.246s] [35m[1mScanning dependencies of target TrajectoryGenerator-lib[0m
[5.262s] [ 41%] [32mBuilding CXX object CMakeFiles/TrajectoryGenerator-lib.dir/src/TrajectoryGenerator/src/TrajectoryGenerator.cpp.o[0m
[9.161s] [ 50%] [32m[1mLinking CXX static library libTrajectoryGenerator-lib.a[0m
[9.222s] [ 50%] Built target TrajectoryGenerator-lib
[9.233s] [35m[1mScanning dependencies of target robotNode[0m
[9.316s] [ 58%] [32mBuilding CXX object CMakeFiles/robotNode.dir/src/RobotNode.cpp.o[0m
[17.579s] [ 66%] [32m[1mLinking CXX executable robotNode[0m
[18.006s] [ 66%] Built target robotNode
[18.017s] [35m[1mScanning dependencies of target motorNode[0m
[18.101s] [ 75%] [32mBuilding CXX object CMakeFiles/motorNode.dir/src/MotorNode.cpp.o[0m
[20.400s] [01m[K/home/dyxcvi/Documents/ROS2_CDPR_Controller/src/MotorNode.cpp:[m[K In function â€˜[01m[Kint main(int, char**)[m[Kâ€™:
[20.401s] [01m[K/home/dyxcvi/Documents/ROS2_CDPR_Controller/src/MotorNode.cpp:62:16:[m[K [01;35m[Kwarning: [m[Kunused variable â€˜[01m[KerrorCode[m[Kâ€™ [[01;35m[K-Wunused-variable[m[K]
[20.402s]    62 |   unsigned int [01;35m[KerrorCode[m[K;
[20.402s]       |                [01;35m[K^~~~~~~~~[m[K
[25.890s] [ 83%] [32m[1mLinking CXX executable motorNode[0m
[26.321s] [ 83%] Built target motorNode
[26.333s] [35m[1mScanning dependencies of target userNode[0m
[26.413s] [ 91%] [32mBuilding CXX object CMakeFiles/userNode.dir/src/UserNode.cpp.o[0m
[26.618s] [01m[K/home/dyxcvi/Documents/ROS2_CDPR_Controller/src/UserNode.cpp:6:10:[m[K [01;31m[Kfatal error: [m[Kgeometry_msgs/Point.hpp: No such file or directory
[26.618s]     6 | #include [01;31m[K"geometry_msgs/Point.hpp"[m[K
[26.619s]       |          [01;31m[K^~~~~~~~~~~~~~~~~~~~~~~~~[m[K
[26.620s] compilation terminated.
[26.622s] make[2]: *** [CMakeFiles/userNode.dir/build.make:63: CMakeFiles/userNode.dir/src/UserNode.cpp.o] Error 1
[26.625s] make[1]: *** [CMakeFiles/Makefile2:277: CMakeFiles/userNode.dir/all] Error 2
[26.626s] make: *** [Makefile:141: all] Error 2
[26.629s] Invoked command in '/home/dyxcvi/Documents/ROS2_CDPR_Controller/build/robot_control_pubsub' returned '2': CMAKE_PREFIX_PATH=/opt/ros/foxy /usr/bin/cmake --build /home/dyxcvi/Documents/ROS2_CDPR_Controller/build/robot_control_pubsub -- -j1 -l1
